<?xml version="1.0" encoding="UTF-8"?>
<!-- Generated by org.testng.reporters.JUnitReportReporter -->
<testsuite skipped="0" hostname="LAPTOP-HSPQSV91" name="com.bonify.QA.Testcases.IFrameTest2" tests="1" failures="0" timestamp="01 Nov 2018 10:43:17 GMT" time="50.207" errors="0">
  <testcase name="ValidateIFrameinAngebote" time="50.207" classname="com.bonify.QA.Testcases.IFrameTest2"/>
</testsuite> <!-- com.bonify.QA.Testcases.IFrameTest2 -->
