<?xml version="1.0" encoding="UTF-8"?>
<!-- Generated by org.testng.reporters.JUnitReportReporter -->
<testsuite skipped="0" hostname="LAPTOP-HSPQSV91" name="com.bonify.QA.Testcases.IFrameTest" tests="2" failures="0" timestamp="25 Nov 2018 12:34:37 GMT" time="139.078" errors="0">
  <testcase name="ValidateIFrameinFinanzen" time="36.492" classname="com.bonify.QA.Testcases.IFrameTest"/>
  <testcase name="ValidateIFrameinMobilFunk" time="102.586" classname="com.bonify.QA.Testcases.IFrameTest"/>
</testsuite> <!-- com.bonify.QA.Testcases.IFrameTest -->
