<?xml version="1.0" encoding="UTF-8"?>
<!-- Generated by org.testng.reporters.JUnitReportReporter -->
<testsuite skipped="0" hostname="LAPTOP-HSPQSV91" name="com.bonify.QA.Testcases.SignUpTest" tests="1" failures="0" timestamp="19 Nov 2018 13:55:36 GMT" time="10.223" errors="0">
  <testcase name="SignUpAsaNewUser" time="10.223" classname="com.bonify.QA.Testcases.SignUpTest"/>
</testsuite> <!-- com.bonify.QA.Testcases.SignUpTest -->
