<?xml version="1.0" encoding="UTF-8"?>
<!-- Generated by org.testng.reporters.JUnitReportReporter -->
<testsuite skipped="0" hostname="LAPTOP-HSPQSV91" name="com.bonify.QA.Individual.Testcases.ValidateIFrameinMobilFunk" tests="1" failures="0" timestamp="26 Nov 2018 12:30:17 GMT" time="32.471" errors="0">
  <testcase name="IFrameinMobilFunk" time="32.471" classname="com.bonify.QA.Individual.Testcases.ValidateIFrameinMobilFunk"/>
</testsuite> <!-- com.bonify.QA.Individual.Testcases.ValidateIFrameinMobilFunk -->
