<?xml version="1.0" encoding="UTF-8"?>
<!-- Generated by org.testng.reporters.JUnitReportReporter -->
<testsuite skipped="0" hostname="LAPTOP-HSPQSV91" name="com.bonify.QA.Individual.Testcases.SignUpTest" tests="1" failures="0" timestamp="24 Nov 2018 18:12:17 GMT" time="8.572" errors="0">
  <testcase name="SignUpAsaNewUser" time="8.572" classname="com.bonify.QA.Individual.Testcases.SignUpTest"/>
</testsuite> <!-- com.bonify.QA.Individual.Testcases.SignUpTest -->
