<?xml version="1.0" encoding="UTF-8"?>
<!-- Generated by org.testng.reporters.JUnitReportReporter -->
<testsuite skipped="0" hostname="LAPTOP-HSPQSV91" name="com.bonify.QA.Testcases.LoginPageTest" tests="4" failures="0" timestamp="25 Nov 2018 12:34:37 GMT" time="251.176" errors="0">
  <testcase name="PasswortVergessen" time="80.999" classname="com.bonify.QA.Testcases.LoginPageTest"/>
  <testcase name="ValidationofLinks" time="49.159" classname="com.bonify.QA.Testcases.LoginPageTest"/>
  <testcase name="SignUpAsaNewUser" time="78.419" classname="com.bonify.QA.Testcases.LoginPageTest"/>
  <testcase name="LogintoApplication" time="42.599" classname="com.bonify.QA.Testcases.LoginPageTest"/>
</testsuite> <!-- com.bonify.QA.Testcases.LoginPageTest -->
