<?xml version="1.0" encoding="UTF-8"?>
<!-- Generated by org.testng.reporters.JUnitReportReporter -->
<testsuite skipped="0" hostname="LAPTOP-HSPQSV91" name="com.bonify.QA.Testcases.ValidateIFrameinFinanzen" tests="1" failures="0" timestamp="19 Nov 2018 14:57:58 GMT" time="33.156" errors="0">
  <testcase name="IFrameinFinanzen" time="33.156" classname="com.bonify.QA.Testcases.ValidateIFrameinFinanzen"/>
</testsuite> <!-- com.bonify.QA.Testcases.ValidateIFrameinFinanzen -->
