<?xml version="1.0" encoding="UTF-8"?>
<!-- Generated by org.testng.reporters.JUnitReportReporter -->
<testsuite skipped="0" hostname="LAPTOP-HSPQSV91" name="com.bonify.QA.Individual.Testcases.ValidateIFrameinFinanzen" tests="1" failures="0" timestamp="25 Nov 2018 11:48:37 GMT" time="33.723" errors="0">
  <testcase name="IFrameinFinanzen" time="33.723" classname="com.bonify.QA.Individual.Testcases.ValidateIFrameinFinanzen"/>
</testsuite> <!-- com.bonify.QA.Individual.Testcases.ValidateIFrameinFinanzen -->
