<?xml version="1.0" encoding="UTF-8"?>
<!-- Generated by org.testng.reporters.JUnitReportReporter -->
<testsuite skipped="0" hostname="LAPTOP-HSPQSV91" name="com.bonify.QA.Testcases.LoginPageTest" tests="4" failures="0" timestamp="25 Nov 2018 12:56:25 GMT" time="155.340" errors="0">
  <testcase name="PasswortVergessen" time="26.048" classname="com.bonify.QA.Testcases.LoginPageTest"/>
  <testcase name="ValidationofLinks" time="67.238" classname="com.bonify.QA.Testcases.LoginPageTest"/>
  <testcase name="SignUpAsaNewUser" time="30.471" classname="com.bonify.QA.Testcases.LoginPageTest"/>
  <testcase name="LogintoApplication" time="31.583" classname="com.bonify.QA.Testcases.LoginPageTest"/>
</testsuite> <!-- com.bonify.QA.Testcases.LoginPageTest -->
