<?xml version="1.0" encoding="UTF-8"?>
<!-- Generated by org.testng.reporters.JUnitReportReporter -->
<testsuite skipped="0" hostname="LAPTOP-HSPQSV91" name="com.bonify.QA.Testcases.IFrameTest" tests="2" failures="0" timestamp="25 Nov 2018 12:56:25 GMT" time="82.925" errors="0">
  <testcase name="ValidateIFrameinFinanzen" time="39.004" classname="com.bonify.QA.Testcases.IFrameTest"/>
  <testcase name="ValidateIFrameinMobilFunk" time="43.921" classname="com.bonify.QA.Testcases.IFrameTest"/>
</testsuite> <!-- com.bonify.QA.Testcases.IFrameTest -->
